<?xml version="1.0" encoding="UTF-8"?>
<testsuite xmlns:xsi="http://www.w3.org/2001/XMLSchema-instance" xsi:noNamespaceSchemaLocation="https://maven.apache.org/surefire/maven-surefire-plugin/xsd/surefire-test-report.xsd" name="Test_Add_Product_To_Cart" time="27.388" tests="4" errors="0" skipped="0" failures="0">
  <properties>
[...]
</properties>
  <testcase name="search_a_product" classname="Test_Add_Product_To_Cart" time="3.868"/>
  <testcase name="select_a_product" classname="Test_Add_Product_To_Cart" time="5.903"/>
  <testcase name="add_product_to_cart" classname="Test_Add_Product_To_Cart" time="2.028"/>
  <testcase name="go_to_cart" classname="Test_Add_Product_To_Cart" time="2.036"/>
</testsuite>